{"D:\\Learning by Course\\Namaste React - Akshay Saini\\Food ordering app\\Swiggy_clon\\src\\Components\\sum.js": {"path":"D:\\Learning by Course\\Namaste React - Akshay Saini\\Food ordering app\\Swiggy_clon\\src\\Components\\sum.js","statementMap":{"0":{"start":{"line":1,"column":19},"end":{"line":1,"column":34}},"1":{"start":{"line":1,"column":29},"end":{"line":1,"column":34}}},"fnMap":{"0":{"name":"(anonymous_0)","decl":{"start":{"line":1,"column":19},"end":{"line":1,"column":20}},"loc":{"start":{"line":1,"column":29},"end":{"line":1,"column":34}},"line":1}},"branchMap":{},"s":{"0":1,"1":1},"f":{"0":1},"b":{},"_coverageSchema":"1a1c01bbd47fc00a2c39e90264f33305004495a9","hash":"b039da2f8ba7914cce25027525bf83cc3166f22b"}
}
